[2024/04/16-13:26:41]: hello
[2024/04/18-22:43:42]: hello
[2024/04/18-23:07:08]: hello
[2024/04/18-23:09:19]: hello
[2024/04/18-23:09:58]: hello
[2024/04/18-23:11:11]: hello
[2024/04/18-23:19:48]: nihaoma
[2024/04/18-23:21:50]: hello,world
[2024/04/18-23:23:40]: woderenwu
[2024/04/18-23:25:48]: 我是谁？
[2024/04/18-23:28:25]: 你师叔是谁？
[2024/04/18-23:35:56]: sse是什么？
[2024/04/18-23:45:56]: 荷兰咯
[2024/04/18-23:46:25]: 哈喽啊
[2024/04/18-23:46:58]: 荷兰咯
[2024/04/19-00:25:42]: hello
[2024/07/02-21:52:44]: nihao
[2024/07/02-21:53:10]: nihao
[2024/07/03-09:46:07]:

[2024/07/03-09:47:20]:
ʲô
[2024/07/03-09:48:31]:

[2024/07/03-09:50:12]:дһð
[2024/07/03-11:02:43]:˭
[2024/07/03-11:03:11]:
дһϣĴ
[2024/07/03-11:10:11]:ϣ

[2024/07/03-11:13:29]:ϣ

[2024/07/03-11:26:55]:希尔排序算法详解
[2024/07/03-11:27:29]:
你是谁啊
[2024/07/03-21:38:10]:你好啊
[2024/07/03-21:38:48]:你好啊

[2024/07/03-21:38:58]:
希尔排序怎么写
[2024/07/03-21:56:49]:希尔排序怎么写
[2024/07/03-21:57:19]:希尔排序怎么写
[2024/07/03-22:44:46]:希尔排序怎么写
[2024/07/03-22:45:18]:冒泡排序
[2024/07/03-22:53:43]:希尔排顺序
[2024/07/03-22:55:23]:冒泡排序
[2024/07/03-22:55:59]:冒泡排序
[2024/07/03-23:25:35]:希尔排序怎么搞
[2024/07/03-23:26:42]:希尔排序
[2024/07/03-23:27:20]:希尔排序怎么高
[2024/08/13-18:26:08]:你好
